#
# There is insufficient memory for the Java Runtime Environment to continue.
# Native memory allocation (malloc) failed to allocate 32744 bytes for ChunkPool::allocate
# Possible reasons:
#   The system is out of physical RAM or swap space
#   In 32 bit mode, the process size limit was hit
# Possible solutions:
#   Reduce memory load on the system
#   Increase physical memory or swap space
#   Check if swap backing store is full
#   Use 64 bit Java on a 64 bit OS
#   Decrease Java heap size (-Xmx/-Xms)
#   Decrease number of Java threads
#   Decrease Java thread stack sizes (-Xss)
#   Set larger code cache with -XX:ReservedCodeCacheSize=
# This output file may be truncated or incomplete.
#
#  Out of Memory Error (allocation.cpp:273), pid=48056, tid=35540
#
# JRE version: Java(TM) SE Runtime Environment (8.0_73-b02) (build 1.8.0_73-b02)
# Java VM: Java HotSpot(TM) 64-Bit Server VM (25.73-b02 mixed mode windows-amd64 compressed oops)
# Failed to write core dump. Minidumps are not enabled by default on client versions of Windows
#

---------------  T H R E A D  ---------------

Current thread (0x000000001f280000):  JavaThread "C1 CompilerThread3" daemon [_thread_in_native, id=35540, stack(0x000000001fe10000,0x000000001ff10000)]

Stack: [0x000000001fe10000,0x000000001ff10000]
[error occurred during error reporting (printing stack bounds), id 0xc0000005]

Native frames: (J=compiled Java code, j=interpreted, Vv=VM code, C=native code)


Current CompileTask:
C1:   3623 1984       3       sun.reflect.DelegatingMethodAccessorImpl::invoke (10 bytes)


---------------  P R O C E S S  ---------------

Java Threads: ( => current thread )
  0x000000001f30f800 JavaThread "Service Thread" daemon [_thread_blocked, id=53260, stack(0x000000001ff10000,0x0000000020010000)]
=>0x000000001f280000 JavaThread "C1 CompilerThread3" daemon [_thread_in_native, id=35540, stack(0x000000001fe10000,0x000000001ff10000)]
  0x000000001f273000 JavaThread "C2 CompilerThread2" daemon [_thread_in_native, id=51976, stack(0x000000001fd10000,0x000000001fe10000)]
  0x000000001f26f000 JavaThread "C2 CompilerThread1" daemon [_thread_in_native, id=34288, stack(0x000000001fc10000,0x000000001fd10000)]
  0x000000001f26b800 JavaThread "C2 CompilerThread0" daemon [_thread_in_native, id=44588, stack(0x000000001fb10000,0x000000001fc10000)]
  0x000000001f258800 JavaThread "Monitor Ctrl-Break" daemon [_thread_in_native, id=48420, stack(0x000000001fa10000,0x000000001fb10000)]
  0x000000001f1ea000 JavaThread "Attach Listener" daemon [_thread_blocked, id=53996, stack(0x000000001f910000,0x000000001fa10000)]
  0x000000001f238800 JavaThread "Signal Dispatcher" daemon [_thread_blocked, id=48464, stack(0x000000001f810000,0x000000001f910000)]
  0x00000000038b5800 JavaThread "Finalizer" daemon [_thread_blocked, id=50028, stack(0x000000001f0b0000,0x000000001f1b0000)]
  0x000000001d1ad000 JavaThread "Reference Handler" daemon [_thread_blocked, id=45368, stack(0x000000001efb0000,0x000000001f0b0000)]
  0x00000000037c2800 JavaThread "main" [_thread_in_Java, id=30836, stack(0x00000000035b0000,0x00000000036b0000)]

Other Threads:
  0x000000001d1a9000 VMThread [stack: 0x000000001eeb0000,0x000000001efb0000] [id=52036]
  0x000000001f33f000 WatcherThread [stack: 0x0000000020010000,0x0000000020110000] [id=47856]

VM state:not at safepoint (normal execution)

VM Mutex/Monitor currently owned by a thread: None

Heap:
 PSYoungGen      total 75776K, used 61011K [0x000000076bf80000, 0x0000000771400000, 0x00000007c0000000)
  eden space 65024K, 80% used [0x000000076bf80000,0x000000076f2bfb08,0x000000076ff00000)
  from space 10752K, 79% used [0x000000076ff00000,0x0000000770755468,0x0000000770980000)
  to   space 10752K, 0% used [0x0000000770980000,0x0000000770980000,0x0000000771400000)
 ParOldGen       total 173568K, used 16K [0x00000006c3e00000, 0x00000006ce780000, 0x000000076bf80000)
  object space 173568K, 0% used [0x00000006c3e00000,0x00000006c3e04000,0x00000006ce780000)
 Metaspace       used 15612K, capacity 15938K, committed 16128K, reserved 1062912K
  class space    used 1903K, capacity 2010K, committed 2048K, reserved 1048576K

Card table byte_map: [0x0000000012c80000,0x0000000013470000] byte_map_base: 0x000000000f661000

Marking Bits: (ParMarkBitMap*) 0x00000000698f0600
 Begin Bits: [0x00000000141c0000, 0x00000000180c8000)
 End Bits:   [0x00000000180c8000, 0x000000001bfd0000)

Polling page: 0x0000000001830000

CodeCache: size=245760Kb used=6563Kb max_used=6563Kb free=239196Kb
 bounds [0x00000000038c0000, 0x0000000003f30000, 0x00000000128c0000]
 total_blobs=2335 nmethods=1968 adapters=279
 compilation: enabled

Compilation events (10 events):
Event: 3.613 Thread 0x000000001f280000 nmethod 1975 0x0000000003f2b150 code [0x0000000003f2b2a0, 0x0000000003f2b3b0]
Event: 3.614 Thread 0x000000001f280000 1978       3       org.apache.maven.model.PluginContainer::getLocation (25 bytes)
Event: 3.614 Thread 0x000000001f280000 nmethod 1978 0x0000000003f2b410 code [0x0000000003f2b580, 0x0000000003f2b8e8]
Event: 3.614 Thread 0x000000001f280000 1979       3       java.util.LinkedHashMap::<init> (11 bytes)
Event: 3.614 Thread 0x000000001f280000 nmethod 1979 0x0000000003f2b9d0 code [0x0000000003f2bb60, 0x0000000003f2bd68]
Event: 3.614 Thread 0x000000001f280000 1980       3       java.util.ArrayList::<init> (67 bytes)
Event: 3.615 Thread 0x000000001f280000 nmethod 1980 0x0000000003f2be50 code [0x0000000003f2c000, 0x0000000003f2c538]
Event: 3.616 Thread 0x000000001f280000 1981       3       org.apache.maven.model.interpolation.AbstractStringBasedModelInterpolator$3::getValue (32 bytes)
Event: 3.617 Thread 0x000000001f280000 nmethod 1981 0x0000000003f2c710 code [0x0000000003f2c900, 0x0000000003f2d1c8]
Event: 3.619 Thread 0x000000001f280000 1984       3       sun.reflect.DelegatingMethodAccessorImpl::invoke (10 bytes)

GC Heap History (2 events):
Event: 2.288 GC heap before
{Heap before GC invocations=1 (full 0):
 PSYoungGen      total 75776K, used 65024K [0x000000076bf80000, 0x0000000771400000, 0x00000007c0000000)
  eden space 65024K, 100% used [0x000000076bf80000,0x000000076ff00000,0x000000076ff00000)
  from space 10752K, 0% used [0x0000000770980000,0x0000000770980000,0x0000000771400000)
  to   space 10752K, 0% used [0x000000076ff00000,0x000000076ff00000,0x0000000770980000)
 ParOldGen       total 173568K, used 0K [0x00000006c3e00000, 0x00000006ce780000, 0x000000076bf80000)
  object space 173568K, 0% used [0x00000006c3e00000,0x00000006c3e00000,0x00000006ce780000)
 Metaspace       used 10769K, capacity 10986K, committed 11136K, reserved 1058816K
  class space    used 1306K, capacity 1379K, committed 1408K, reserved 1048576K
Event: 2.298 GC heap after
Heap after GC invocations=1 (full 0):
 PSYoungGen      total 75776K, used 8533K [0x000000076bf80000, 0x0000000771400000, 0x00000007c0000000)
  eden space 65024K, 0% used [0x000000076bf80000,0x000000076bf80000,0x000000076ff00000)
  from space 10752K, 79% used [0x000000076ff00000,0x0000000770755468,0x0000000770980000)
  to   space 10752K, 0% used [0x0000000770980000,0x0000000770980000,0x0000000771400000)
 ParOldGen       total 173568K, used 16K [0x00000006c3e00000, 0x00000006ce780000, 0x000000076bf80000)
  object space 173568K, 0% used [0x00000006c3e00000,0x00000006c3e04000,0x00000006ce780000)
 Metaspace       used 10769K, capacity 10986K, committed 11136K, reserved 1058816K
  class space    used 1306K, capacity 1379K, committed 1408K, reserved 1048576K
}

Deoptimization events (10 events):
Event: 1.986 Thread 0x00000000037c2800 Uncommon trap: reason=unstable_if action=reinterpret pc=0x0000000003b68b1c method=java.util.HashMap.getNode(ILjava/lang/Object;)Ljava/util/HashMap$Node; @ 129
Event: 2.880 Thread 0x00000000037c2800 Uncommon trap: reason=null_check action=make_not_entrant pc=0x0000000003a8d110 method=java.lang.String.equals(Ljava/lang/Object;)Z @ 8
Event: 2.910 Thread 0x00000000037c2800 Uncommon trap: reason=unstable_if action=reinterpret pc=0x0000000003c21de8 method=org.codehaus.plexus.util.xml.pull.MXParser.parseStartTag()I @ 443
Event: 2.913 Thread 0x00000000037c2800 Uncommon trap: reason=unstable_if action=reinterpret pc=0x0000000003b86470 method=sun.nio.cs.UTF_8$Decoder.decodeArrayLoop(Ljava/nio/ByteBuffer;Ljava/nio/CharBuffer;)Ljava/nio/charset/CoderResult; @ 84
Event: 3.047 Thread 0x00000000037c2800 Uncommon trap: reason=unstable_if action=reinterpret pc=0x00000000039fa0c0 method=java.lang.CharacterData.of(I)Ljava/lang/CharacterData; @ 4
Event: 3.081 Thread 0x00000000037c2800 Uncommon trap: reason=unstable_if action=reinterpret pc=0x0000000003b5ecd0 method=java.lang.AbstractStringBuilder.append(Ljava/lang/String;)Ljava/lang/AbstractStringBuilder; @ 1
Event: 3.095 Thread 0x00000000037c2800 Uncommon trap: reason=unstable_if action=reinterpret pc=0x0000000003aef364 method=java.lang.String.replace(CC)Ljava/lang/String; @ 2
Event: 3.131 Thread 0x00000000037c2800 Uncommon trap: reason=unstable_if action=reinterpret pc=0x0000000003af7738 method=java.lang.AbstractStringBuilder.append(Ljava/lang/String;)Ljava/lang/AbstractStringBuilder; @ 1
Event: 3.448 Thread 0x00000000037c2800 Uncommon trap: reason=unstable_if action=reinterpret pc=0x0000000003e20f38 method=org.codehaus.plexus.util.xml.pull.MXParser.isS(C)Z @ 21
Event: 3.458 Thread 0x00000000037c2800 Uncommon trap: reason=unstable_if action=reinterpret pc=0x0000000003e50a08 method=org.codehaus.plexus.util.xml.pull.MXParser.nextImpl()I @ 972

Internal exceptions (10 events):
Event: 1.704 Thread 0x00000000037c2800 Exception <a 'java/lang/ArrayIndexOutOfBoundsException'> (0x000000076dd52458) thrown at [D:\re\puppet\workspace\8-2-build-windows-amd64-cygwin\jdk8u73\6086\hotspot\src\share\vm\runtime\sharedRuntime.cpp, line 605]
Event: 1.890 Thread 0x00000000037c2800 Exception <a 'java/lang/ArrayIndexOutOfBoundsException'> (0x000000076e9c0f38) thrown at [D:\re\puppet\workspace\8-2-build-windows-amd64-cygwin\jdk8u73\6086\hotspot\src\share\vm\runtime\sharedRuntime.cpp, line 605]
Event: 1.891 Thread 0x00000000037c2800 Exception <a 'java/lang/ArrayIndexOutOfBoundsException'> (0x000000076e9c5870) thrown at [D:\re\puppet\workspace\8-2-build-windows-amd64-cygwin\jdk8u73\6086\hotspot\src\share\vm\runtime\sharedRuntime.cpp, line 605]
Event: 1.980 Thread 0x00000000037c2800 Exception <a 'java/lang/ArrayIndexOutOfBoundsException': 66> (0x000000076ecaf558) thrown at [D:\re\puppet\workspace\8-2-build-windows-amd64-cygwin\jdk8u73\6086\hotspot\src\share\vm\interpreter\interpreterRuntime.cpp, line 366]
Event: 2.768 Thread 0x00000000037c2800 Exception <a 'java/lang/NoClassDefFoundError': com/google/inject/servlet/ServletModuleTargetVisitor> (0x000000076d9d3a18) thrown at [D:\re\puppet\workspace\8-2-build-windows-amd64-cygwin\jdk8u73\6086\hotspot\src\share\vm\classfile\systemDictionary.cpp, linU?%ù7$@
Event: 2.768 Thread 0x00000000037c2800 Exception <a 'java/lang/NoClassDefFoundError'> (0x000000076d9d3a18) thrown at [D:\re\puppet\workspace\8-2-build-windows-amd64-cygwin\jdk8u73\6086\hotspot\src\share\vm\prims\jvm.cpp, line 1390]
Event: 2.768 Thread 0x00000000037c2800 Exception <a 'java/lang/NoClassDefFoundError': javax/annotation/Priority> (0x000000076d9d8cd0) thrown at [D:\re\puppet\workspace\8-2-build-windows-amd64-cygwin\jdk8u73\6086\hotspot\src\share\vm\classfile\systemDictionary.cpp, line 199]
Event: 2.880 Thread 0x00000000037c2800 Implicit null exception at 0x0000000003a8cf1b to 0x0000000003a8d101
Event: 3.081 Thread 0x00000000037c2800 Implicit null exception at 0x0000000003b5e954 to 0x0000000003b5ecb9
Event: 3.131 Thread 0x00000000037c2800 Implicit null exception at 0x0000000003af7397 to 0x0000000003af7721

Events (10 events):
Event: 3.448 Thread 0x00000000037c2800 Uncommon trap: trap_request=0xffffff65 fr.pc=0x0000000003e20f38
Event: 3.448 Thread 0x00000000037c2800 DEOPT PACKING pc=0x0000000003e20f38 sp=0x00000000036acd60
Event: 3.448 Thread 0x00000000037c2800 DEOPT UNPACKING pc=0x000000000390582a sp=0x00000000036acc90 mode 2
Event: 3.458 Thread 0x00000000037c2800 DEOPT PACKING pc=0x0000000003e0522b sp=0x00000000036aca30
Event: 3.458 Thread 0x00000000037c2800 DEOPT UNPACKING pc=0x000000000390787f sp=0x00000000036ac830 mode 0
Event: 3.458 Thread 0x00000000037c2800 Uncommon trap: trap_request=0xffffff65 fr.pc=0x0000000003e50a08
Event: 3.458 Thread 0x00000000037c2800 DEOPT PACKING pc=0x0000000003e50a08 sp=0x00000000036accc0
Event: 3.458 Thread 0x00000000037c2800 DEOPT UNPACKING pc=0x000000000390582a sp=0x00000000036acc18 mode 2
Event: 3.468 loading class org/eclipse/aether/util/graph/selector/ExclusionDependencySelector$ExclusionComparator
Event: 3.468 loading class org/eclipse/aether/util/graph/selector/ExclusionDependencySelector$ExclusionComparator done


Dynamic libraries:
0x00007ff744e30000 - 0x00007ff744e67000 	C:\Program Files\Java\jdk1.8.0_73\bin\java.exe
0x00007ffaf8b80000 - 0x00007ffaf8d6e000 	C:\Windows\SYSTEM32\ntdll.dll
0x00007ffaf83c0000 - 0x00007ffaf8473000 	C:\Windows\System32\KERNEL32.DLL
0x00007ffaf4ec0000 - 0x00007ffaf515c000 	C:\Windows\System32\KERNELBASE.dll
0x00007ffaf8aa0000 - 0x00007ffaf8b47000 	C:\Windows\System32\ADVAPI32.dll
0x00007ffaf7d00000 - 0x00007ffaf7d9e000 	C:\Windows\System32\msvcrt.dll
0x00007ffaf5e10000 - 0x00007ffaf5eaf000 	C:\Windows\System32\sechost.dll
0x00007ffaf8120000 - 0x00007ffaf823d000 	C:\Windows\System32\RPCRT4.dll
0x00007ffaf5eb0000 - 0x00007ffaf6048000 	C:\Windows\System32\USER32.dll
0x00007ffaf5cb0000 - 0x00007ffaf5cd0000 	C:\Windows\System32\win32u.dll
0x00007ffaf60d0000 - 0x00007ffaf60f9000 	C:\Windows\System32\GDI32.dll
0x00007ffaf5ae0000 - 0x00007ffaf5c80000 	C:\Windows\System32\gdi32full.dll
0x00007ffaf4e20000 - 0x00007ffaf4ec0000 	C:\Windows\System32\msvcp_win.dll
0x00007ffaf51e0000 - 0x00007ffaf52da000 	C:\Windows\System32\ucrtbase.dll
0x00007ffadd370000 - 0x00007ffadd5e9000 	C:\Windows\WinSxS\amd64_microsoft.windows.common-controls_6595b64144ccf1df_6.0.17763.4131_none_de70d21e534b9adf\COMCTL32.dll
0x00007ffaf8700000 - 0x00007ffaf8a2c000 	C:\Windows\System32\combase.dll
0x00007ffaf5cd0000 - 0x00007ffaf5d52000 	C:\Windows\System32\bcryptPrimitives.dll
0x00007ffaf80f0000 - 0x00007ffaf811e000 	C:\Windows\System32\IMM32.DLL
0x0000000069970000 - 0x0000000069a42000 	C:\Program Files\Java\jdk1.8.0_73\jre\bin\msvcr100.dll
0x00000000690e0000 - 0x0000000069970000 	C:\Program Files\Java\jdk1.8.0_73\jre\bin\server\jvm.dll
0x00007ffaf8a90000 - 0x00007ffaf8a98000 	C:\Windows\System32\PSAPI.DLL
0x00007ffae2300000 - 0x00007ffae2309000 	C:\Windows\SYSTEM32\WSOCK32.dll
0x00007ffae5e70000 - 0x00007ffae5e94000 	C:\Windows\SYSTEM32\WINMM.dll
0x00007ffaf8630000 - 0x00007ffaf869d000 	C:\Windows\System32\WS2_32.dll
0x00007ffae77d0000 - 0x00007ffae77da000 	C:\Windows\SYSTEM32\VERSION.dll
0x00007ffae5c30000 - 0x00007ffae5c5d000 	C:\Windows\SYSTEM32\WINMMBASE.dll
0x00007ffaf5d60000 - 0x00007ffaf5daa000 	C:\Windows\System32\cfgmgr32.dll
0x00000000690d0000 - 0x00000000690df000 	C:\Program Files\Java\jdk1.8.0_73\jre\bin\verify.dll
0x00000000690a0000 - 0x00000000690c9000 	C:\Program Files\Java\jdk1.8.0_73\jre\bin\java.dll
0x0000000069050000 - 0x0000000069073000 	C:\Program Files\Java\jdk1.8.0_73\jre\bin\instrument.dll
0x0000000069080000 - 0x0000000069096000 	C:\Program Files\Java\jdk1.8.0_73\jre\bin\zip.dll
0x00007ffaf6100000 - 0x00007ffaf75f8000 	C:\Windows\System32\SHELL32.dll
0x00007ffaf7600000 - 0x00007ffaf76a7000 	C:\Windows\System32\shcore.dll
0x00007ffaf52e0000 - 0x00007ffaf5a29000 	C:\Windows\System32\windows.storage.dll
0x00007ffaf4b90000 - 0x00007ffaf4bb3000 	C:\Windows\System32\profapi.dll
0x00007ffaf4bc0000 - 0x00007ffaf4c1d000 	C:\Windows\System32\powrprof.dll
0x00007ffaf5db0000 - 0x00007ffaf5e02000 	C:\Windows\System32\shlwapi.dll
0x00007ffaf4b70000 - 0x00007ffaf4b81000 	C:\Windows\System32\kernel.appcore.dll
0x00007ffaf51c0000 - 0x00007ffaf51db000 	C:\Windows\System32\cryptsp.dll
0x00007ffac40a0000 - 0x00007ffac415d000 	C:\Program Files (x86)\iOAEnt\107.1.13956.64008\plugins\DataProtection\InjUmon64.dll
0x00007ffaf7e00000 - 0x00007ffaf7f56000 	C:\Windows\System32\ole32.dll
0x00007ffadefd0000 - 0x00007ffadf05e000 	C:\Windows\SYSTEM32\WINSPOOL.DRV
0x00007ffaf5c80000 - 0x00007ffaf5ca6000 	C:\Windows\System32\bcrypt.dll
0x00007ffadee20000 - 0x00007ffadefc4000 	C:\Windows\WinSxS\amd64_microsoft.windows.gdiplus_6595b64144ccf1df_1.1.17763.4131_none_0f5bc503adde14ad\gdiplus.dll
0x00007ffaf4070000 - 0x00007ffaf40ad000 	C:\Windows\SYSTEM32\IPHLPAPI.DLL
0x00007ffaf2560000 - 0x00007ffaf2709000 	C:\Windows\SYSTEM32\PROPSYS.dll
0x00007ffaf8240000 - 0x00007ffaf8304000 	C:\Windows\System32\OLEAUT32.dll
0x00007ffae7020000 - 0x00007ffae703a000 	C:\Program Files\JetBrains\IntelliJ IDEA 2019.2\bin\breakgen64.dll
0x0000000069030000 - 0x000000006904a000 	C:\Program Files\Java\jdk1.8.0_73\jre\bin\net.dll
0x00007ffaf4350000 - 0x00007ffaf43b7000 	C:\Windows\system32\mswsock.dll
0x00007ffaf3ee0000 - 0x00007ffaf3f13000 	C:\Windows\system32\rsaenh.dll
0x00007ffaf4a50000 - 0x00007ffaf4a79000 	C:\Windows\SYSTEM32\USERENV.dll
0x00007ffaf44d0000 - 0x00007ffaf44dc000 	C:\Windows\SYSTEM32\CRYPTBASE.dll
0x00007ffaf7870000 - 0x00007ffaf7878000 	C:\Windows\System32\NSI.dll
0x00007ffaee300000 - 0x00007ffaee316000 	C:\Windows\SYSTEM32\dhcpcsvc6.DLL
0x00007ffaee2e0000 - 0x00007ffaee2fc000 	C:\Windows\SYSTEM32\dhcpcsvc.DLL
0x00007ffaf40b0000 - 0x00007ffaf4176000 	C:\Windows\SYSTEM32\DNSAPI.dll
0x0000000069010000 - 0x0000000069021000 	C:\Program Files\Java\jdk1.8.0_73\jre\bin\nio.dll
0x00007ffaf2860000 - 0x00007ffaf286a000 	C:\Users\hua.mou\AppData\Local\Temp\jansi-1.17.1-6815428098879565065.dll
0x00007ffaee4f0000 - 0x00007ffaee4fa000 	C:\Users\hua.mou\AppData\Local\Temp\jansi-1.17.1-4202771700653271446.dll

VM Arguments:
jvm_args: -Dmaven.multiModuleProjectDirectory=D:\œÓƒø\«˛µ¿∞Ê\autotet\bofc\vltava-service -Dmaven.home=C:\Program Files\JetBrains\IntelliJ IDEA 2019.2\plugins\maven\lib\maven3 -Dclassworlds.conf=C:\Program Files\JetBrains\IntelliJ IDEA 2019.2\plugins\maven\lib\maven3\bin\m2.conf -Dmaven.ext.class.path=C:\Program Files\JetBrains\IntelliJ IDEA 2019.2\plugins\maven\lib\maven-event-listener.jar -javaagent:C:\Program Files\JetBrains\IntelliJ IDEA 2019.2\lib\idea_rt.jar=65006:C:\Program Files\JetBrains\IntelliJ IDEA 2019.2\bin -Dfile.encoding=UTF-8 
java_command: org.codehaus.classworlds.Launcher -Didea.version2019.2 -s C:\Users\hua.mou\.m2\settings-fit.xml -Dmaven.repo.local=D:\jar\fit-repository package
java_class_path (initial): C:\Program Files\JetBrains\IntelliJ IDEA 2019.2\plugins\maven\lib\maven3\boot\plexus-classworlds-2.6.0.jar;C:\Program Files\JetBrains\IntelliJ IDEA 2019.2\lib\idea_rt.jar
Launcher Type: SUN_STANDARD

Environment Variables:
JAVA_HOME=C:\Program Files\Java\jdk1.8.0_73
PATH=C:\Program Files\JetBrains\IntelliJ IDEA 2019.2\jbr\\bin;C:\Program Files\JetBrains\IntelliJ IDEA 2019.2\jbr\\bin\server;C:\Program Files\JetBrains\IntelliJ IDEA 2019.2\jbr\\bin;C:\Program Files\JetBrains\IntelliJ IDEA 2019.2\jbr\\bin\server;C:\Program Files\Java\jdk1.8.0_73\bin\;C:\Windows\system32;C:\Windows;C:\Windows\System32\Wbem;C:\Windows\System32\WindowsPowerShell\v1.0\;C:\Windows\System32\OpenSSH\;C:\Program Files\Git\cmd;C:\Program Files\Intel\WiFi\bin\;C:\Program Files\Common Files\Intel\WirelessCommon\;D:\◊‘∂ØªØ\cypress\node_modules\.bin\;C:\Program Files\Google\Chrome\Application;C:\Program Files\Redis\;C:\Program Files\Docker\Docker\resources\bin;C:\ProgramData\DockerDesktop\version-bin;C:\Program Files\Common Files\Oracle\Java\javapath;D:\tools\appium\android-ndk-r16-beta1\prebuilt\windows-x86_64\bin;C:\Program Files\nodejs\;C:\Program Files\Java\jdk-11.0.2\bin\;D:\python\;C:\Users\hua.mou\AppData\Local\Microsoft\WindowsApps;C:\Program Files\JetBrains\PyCharm 2020.1.3\bin;C:\Users\hua.mou\AppData\Local\Programs\Fiddler;D:\maven\apache-maven-3.6.3\bin;D:\tools\appium\android-sdk-windows;D:\tools\appium\android-sdk-windows\tools;D:\tools\appium\android-sdk-windows\platform-tools;D:\tools\appium\android-sdk-windows\build-tools\29.0.3;C:\Program Files\JetBrains\PyCharm Community Edition 2020.2.1\bin;;D:\tools\allure\allure-2.13.1\bin;C:\Program Files\MySQL\MySQL Server 8.0\bin\;D:\tools\gtk\bin;C:\Users\hua.mou\node_modules\.bin;D:\python\Scripts\;C:\Users\hua.mou\AppData\Roaming\npm
USERNAME=hua.mou
OS=Windows_NT
PROCESSOR_IDENTIFIER=Intel64 Family 6 Model 142 Stepping 12, GenuineIntel



---------------  S Y S T E M  ---------------

OS: Windows 10.0 , 64 bit Build 17763 (10.0.17763.4131)

CPU:total 8 (4 cores per cpu, 2 threads per core) family 6 model 142 stepping 12, cmov, cx8, fxsr, mmx, sse, sse2, sse3, ssse3, sse4.1, sse4.2, popcnt, avx, avx2, aes, clmul, erms, 3dnowpref, lzcnt, ht, tsc, tscinvbit, bmi1, bmi2, adx

Memory: 4k page, physical 16519124k(3116060k free), swap 27216576k(5124k free)

vm_info: Java HotSpot(TM) 64-Bit Server VM (25.73-b02) for windows-amd64 JRE (1.8.0_73-b02), built on Jan 29 2016 17:38:49 by "java_re" with MS VC++ 10.0 (VS2010)

time: Thu Mar 23 16:04:55 2023
elapsed time: 3 seconds (0d 0h 0m 3s)

