#
# There is insufficient memory for the Java Runtime Environment to continue.
# Native memory allocation (malloc) failed to allocate 2031696 bytes for Chunk::new
# Possible reasons:
#   The system is out of physical RAM or swap space
#   In 32 bit mode, the process size limit was hit
# Possible solutions:
#   Reduce memory load on the system
#   Increase physical memory or swap space
#   Check if swap backing store is full
#   Use 64 bit Java on a 64 bit OS
#   Decrease Java heap size (-Xmx/-Xms)
#   Decrease number of Java threads
#   Decrease Java thread stack sizes (-Xss)
#   Set larger code cache with -XX:ReservedCodeCacheSize=
# This output file may be truncated or incomplete.
#
#  Out of Memory Error (allocation.cpp:390), pid=884, tid=53276
#
# JRE version: Java(TM) SE Runtime Environment (8.0_73-b02) (build 1.8.0_73-b02)
# Java VM: Java HotSpot(TM) 64-Bit Server VM (25.73-b02 mixed mode windows-amd64 compressed oops)
# Failed to write core dump. Minidumps are not enabled by default on client versions of Windows
#

---------------  T H R E A D  ---------------

Current thread (0x000000001f06d000):  JavaThread "C2 CompilerThread1" daemon [_thread_in_native, id=53276, stack(0x000000001f7b0000,0x000000001f8b0000)]

Stack: [0x000000001f7b0000,0x000000001f8b0000]
[error occurred during error reporting (printing stack bounds), id 0xc0000005]

Native frames: (J=compiled Java code, j=interpreted, Vv=VM code, C=native code)


Current CompileTask:
C2:   4402 1539       4       java.net.URLClassLoader$1::run (5 bytes)


---------------  P R O C E S S  ---------------

Java Threads: ( => current thread )
  0x000000001f10d000 JavaThread "Service Thread" daemon [_thread_blocked, id=54060, stack(0x000000001fab0000,0x000000001fbb0000)]
  0x000000001f0d7000 JavaThread "C1 CompilerThread3" daemon [_thread_blocked, id=52364, stack(0x000000001f9b0000,0x000000001fab0000)]
  0x000000001f0d0000 JavaThread "C2 CompilerThread2" daemon [_thread_in_native, id=53284, stack(0x000000001f8b0000,0x000000001f9b0000)]
=>0x000000001f06d000 JavaThread "C2 CompilerThread1" daemon [_thread_in_native, id=53276, stack(0x000000001f7b0000,0x000000001f8b0000)]
  0x000000001f06a800 JavaThread "C2 CompilerThread0" daemon [_thread_in_native, id=51496, stack(0x000000001f6b0000,0x000000001f7b0000)]
  0x000000001f060800 JavaThread "Monitor Ctrl-Break" daemon [_thread_in_native, id=37968, stack(0x000000001f5b0000,0x000000001f6b0000)]
  0x000000001efe8000 JavaThread "Attach Listener" daemon [_thread_blocked, id=48188, stack(0x000000001f4b0000,0x000000001f5b0000)]
  0x000000001f037800 JavaThread "Signal Dispatcher" daemon [_thread_blocked, id=28564, stack(0x000000001f3b0000,0x000000001f4b0000)]
  0x00000000036ca800 JavaThread "Finalizer" daemon [_thread_blocked, id=53864, stack(0x000000001eeb0000,0x000000001efb0000)]
  0x00000000036c4000 JavaThread "Reference Handler" daemon [_thread_blocked, id=46780, stack(0x000000001edb0000,0x000000001eeb0000)]
  0x00000000035d2800 JavaThread "main" [_thread_in_Java, id=48504, stack(0x0000000003420000,0x0000000003520000)]

Other Threads:
  0x000000001cfb9800 VMThread [stack: 0x000000001ecb0000,0x000000001edb0000] [id=53600]
  0x000000001f16e800 WatcherThread [stack: 0x000000001fbb0000,0x000000001fcb0000] [id=47256]

VM state:not at safepoint (normal execution)

VM Mutex/Monitor currently owned by a thread: None

Heap:
 PSYoungGen      total 75776K, used 48736K [0x000000076bf80000, 0x0000000771400000, 0x00000007c0000000)
  eden space 65024K, 61% used [0x000000076bf80000,0x000000076e6d9f68,0x000000076ff00000)
  from space 10752K, 78% used [0x000000076ff00000,0x000000077073e1c0,0x0000000770980000)
  to   space 10752K, 0% used [0x0000000770980000,0x0000000770980000,0x0000000771400000)
 ParOldGen       total 173568K, used 16K [0x00000006c3e00000, 0x00000006ce780000, 0x000000076bf80000)
  object space 173568K, 0% used [0x00000006c3e00000,0x00000006c3e04000,0x00000006ce780000)
 Metaspace       used 14790K, capacity 15108K, committed 15232K, reserved 1062912K
  class space    used 1817K, capacity 1909K, committed 1920K, reserved 1048576K

Card table byte_map: [0x0000000012a90000,0x0000000013280000] byte_map_base: 0x000000000f471000

Marking Bits: (ParMarkBitMap*) 0x00000000698f0600
 Begin Bits: [0x0000000013fd0000, 0x0000000017ed8000)
 End Bits:   [0x0000000017ed8000, 0x000000001bde0000)

Polling page: 0x00000000012c0000

CodeCache: size=245760Kb used=5719Kb max_used=5723Kb free=240040Kb
 bounds [0x00000000036d0000, 0x0000000003c70000, 0x00000000126d0000]
 total_blobs=2004 nmethods=1649 adapters=267
 compilation: enabled

Compilation events (10 events):
Event: 4.386 Thread 0x000000001f0d7000 nmethod 1647 0x0000000003c6a750 code [0x0000000003c6a980, 0x0000000003c6b368]
Event: 4.390 Thread 0x000000001f0d7000 1648       3       java.lang.StringBuilder::append (8 bytes)
Event: 4.390 Thread 0x000000001f0d7000 nmethod 1648 0x0000000003c65c50 code [0x0000000003c65dc0, 0x0000000003c65f48]
Event: 4.391 Thread 0x000000001f0d0000 1649       4       java.lang.String::equalsIgnoreCase (48 bytes)
Event: 4.393 Thread 0x000000001f0d7000 1651       3       java.io.BufferedReader::readLine (6 bytes)
Event: 4.393 Thread 0x000000001f0d7000 nmethod 1651 0x0000000003c65890 code [0x0000000003c65a00, 0x0000000003c65ba8]
Event: 4.395 Thread 0x000000001f0d7000 1652       1       org.codehaus.plexus.util.xml.pull.MXParser::getLineNumber (5 bytes)
Event: 4.395 Thread 0x000000001f0d7000 nmethod 1652 0x0000000003c655d0 code [0x0000000003c65720, 0x0000000003c65830]
Event: 4.395 Thread 0x000000001f0d7000 1653       1       org.codehaus.plexus.util.xml.pull.MXParser::getColumnNumber (5 bytes)
Event: 4.395 Thread 0x000000001f0d7000 nmethod 1653 0x0000000003c6a490 code [0x0000000003c6a5e0, 0x0000000003c6a6f0]

GC Heap History (2 events):
Event: 3.049 GC heap before
{Heap before GC invocations=1 (full 0):
 PSYoungGen      total 75776K, used 65024K [0x000000076bf80000, 0x0000000771400000, 0x00000007c0000000)
  eden space 65024K, 100% used [0x000000076bf80000,0x000000076ff00000,0x000000076ff00000)
  from space 10752K, 0% used [0x0000000770980000,0x0000000770980000,0x0000000771400000)
  to   space 10752K, 0% used [0x000000076ff00000,0x000000076ff00000,0x0000000770980000)
 ParOldGen       total 173568K, used 0K [0x00000006c3e00000, 0x00000006ce780000, 0x000000076bf80000)
  object space 173568K, 0% used [0x00000006c3e00000,0x00000006c3e00000,0x00000006ce780000)
 Metaspace       used 10760K, capacity 10986K, committed 11136K, reserved 1058816K
  class space    used 1308K, capacity 1379K, committed 1408K, reserved 1048576K
Event: 3.061 GC heap after
Heap after GC invocations=1 (full 0):
 PSYoungGen      total 75776K, used 8440K [0x000000076bf80000, 0x0000000771400000, 0x00000007c0000000)
  eden space 65024K, 0% used [0x000000076bf80000,0x000000076bf80000,0x000000076ff00000)
  from space 10752K, 78% used [0x000000076ff00000,0x000000077073e1c0,0x0000000770980000)
  to   space 10752K, 0% used [0x0000000770980000,0x0000000770980000,0x0000000771400000)
 ParOldGen       total 173568K, used 16K [0x00000006c3e00000, 0x00000006ce780000, 0x000000076bf80000)
  object space 173568K, 0% used [0x00000006c3e00000,0x00000006c3e04000,0x00000006ce780000)
 Metaspace       used 10760K, capacity 10986K, committed 11136K, reserved 1058816K
  class space    used 1308K, capacity 1379K, committed 1408K, reserved 1048576K
}

Deoptimization events (10 events):
Event: 2.479 Thread 0x00000000035d2800 Uncommon trap: reason=unstable_if action=reinterpret pc=0x00000000039bb2e4 method=sun.nio.cs.StreamDecoder.implRead([CII)I @ 197
Event: 2.485 Thread 0x00000000035d2800 Uncommon trap: reason=unstable_if action=reinterpret pc=0x00000000039cde90 method=sun.nio.cs.StreamDecoder.implRead([CII)I @ 197
Event: 2.523 Thread 0x00000000035d2800 Uncommon trap: reason=unstable_if action=reinterpret pc=0x00000000039c88d8 method=org.codehaus.plexus.util.xml.pull.MXParser.nextImpl()I @ 241
Event: 2.641 Thread 0x00000000035d2800 Uncommon trap: reason=range_check action=make_not_entrant pc=0x0000000003a32ee8 method=sun.reflect.generics.parser.SignatureParser.current()C @ 34
Event: 2.649 Thread 0x00000000035d2800 Uncommon trap: reason=unstable_if action=reinterpret pc=0x0000000003967c1c method=java.util.HashMap.getNode(ILjava/lang/Object;)Ljava/util/HashMap$Node; @ 129
Event: 3.936 Thread 0x00000000035d2800 Uncommon trap: reason=null_check action=make_not_entrant pc=0x000000000388f490 method=java.lang.String.equals(Ljava/lang/Object;)Z @ 8
Event: 4.005 Thread 0x00000000035d2800 Uncommon trap: reason=unstable_if action=reinterpret pc=0x0000000003a26b34 method=org.codehaus.plexus.util.xml.pull.MXParser.parseStartTag()I @ 443
Event: 4.016 Thread 0x00000000035d2800 Uncommon trap: reason=unstable_if action=reinterpret pc=0x00000000039876b0 method=sun.nio.cs.UTF_8$Decoder.decodeArrayLoop(Ljava/nio/ByteBuffer;Ljava/nio/CharBuffer;)Ljava/nio/charset/CoderResult; @ 84
Event: 4.324 Thread 0x00000000035d2800 Uncommon trap: reason=unstable_if action=reinterpret pc=0x000000000380a980 method=java.lang.CharacterData.of(I)Ljava/lang/CharacterData; @ 4
Event: 4.390 Thread 0x00000000035d2800 Uncommon trap: reason=unstable_if action=reinterpret pc=0x0000000003961184 method=java.lang.AbstractStringBuilder.append(Ljava/lang/String;)Ljava/lang/AbstractStringBuilder; @ 1

Internal exceptions (10 events):
Event: 2.265 Thread 0x00000000035d2800 Exception <a 'java/lang/ArrayIndexOutOfBoundsException'> (0x000000076dd07de0) thrown at [D:\re\puppet\workspace\8-2-build-windows-amd64-cygwin\jdk8u73\6086\hotspot\src\share\vm\runtime\sharedRuntime.cpp, line 605]
Event: 2.275 Thread 0x00000000035d2800 Exception <a 'java/lang/ArrayIndexOutOfBoundsException'> (0x000000076dd50ff0) thrown at [D:\re\puppet\workspace\8-2-build-windows-amd64-cygwin\jdk8u73\6086\hotspot\src\share\vm\runtime\sharedRuntime.cpp, line 605]
Event: 2.529 Thread 0x00000000035d2800 Exception <a 'java/lang/ArrayIndexOutOfBoundsException'> (0x000000076e9bf838) thrown at [D:\re\puppet\workspace\8-2-build-windows-amd64-cygwin\jdk8u73\6086\hotspot\src\share\vm\runtime\sharedRuntime.cpp, line 605]
Event: 2.530 Thread 0x00000000035d2800 Exception <a 'java/lang/ArrayIndexOutOfBoundsException'> (0x000000076e9c4170) thrown at [D:\re\puppet\workspace\8-2-build-windows-amd64-cygwin\jdk8u73\6086\hotspot\src\share\vm\runtime\sharedRuntime.cpp, line 605]
Event: 2.641 Thread 0x00000000035d2800 Exception <a 'java/lang/ArrayIndexOutOfBoundsException': 66> (0x000000076ecb1248) thrown at [D:\re\puppet\workspace\8-2-build-windows-amd64-cygwin\jdk8u73\6086\hotspot\src\share\vm\interpreter\interpreterRuntime.cpp, line 366]
Event: 3.716 Thread 0x00000000035d2800 Exception <a 'java/lang/NoClassDefFoundError': com/google/inject/servlet/ServletModuleTargetVisitor> (0x000000076d9da028) thrown at [D:\re\puppet\workspace\8-2-build-windows-amd64-cygwin\jdk8u73\6086\hotspot\src\share\vm\classfile\systemDictionary.cpp, linJ
@
Event: 3.716 Thread 0x00000000035d2800 Exception <a 'java/lang/NoClassDefFoundError'> (0x000000076d9da028) thrown at [D:\re\puppet\workspace\8-2-build-windows-amd64-cygwin\jdk8u73\6086\hotspot\src\share\vm\prims\jvm.cpp, line 1390]
Event: 3.716 Thread 0x00000000035d2800 Exception <a 'java/lang/NoClassDefFoundError': javax/annotation/Priority> (0x000000076d9df2e0) thrown at [D:\re\puppet\workspace\8-2-build-windows-amd64-cygwin\jdk8u73\6086\hotspot\src\share\vm\classfile\systemDictionary.cpp, line 199]
Event: 3.936 Thread 0x00000000035d2800 Implicit null exception at 0x000000000388f29b to 0x000000000388f481
Event: 4.390 Thread 0x00000000035d2800 Implicit null exception at 0x0000000003960e16 to 0x000000000396116d

Events (10 events):
Event: 4.383 loading class org/apache/maven/model/DependencyManagement done
Event: 4.385 loading class org/apache/maven/model/DistributionManagement
Event: 4.385 loading class org/apache/maven/model/DistributionManagement done
Event: 4.388 loading class org/apache/maven/model/building/ModelProblemUtils
Event: 4.388 loading class org/apache/maven/model/building/ModelProblemUtils done
Event: 4.390 Thread 0x00000000035d2800 Uncommon trap: trap_request=0xffffff65 fr.pc=0x0000000003961184
Event: 4.390 Thread 0x00000000035d2800 DEOPT PACKING pc=0x0000000003961184 sp=0x000000000351e2e0
Event: 4.390 Thread 0x00000000035d2800 DEOPT UNPACKING pc=0x000000000371582a sp=0x000000000351e270 mode 2
Event: 4.396 loading class org/apache/maven/model/ActivationProperty
Event: 4.396 loading class org/apache/maven/model/ActivationProperty done


Dynamic libraries:
0x00007ff744e30000 - 0x00007ff744e67000 	C:\Program Files\Java\jdk1.8.0_73\bin\java.exe
0x00007ffaf8b80000 - 0x00007ffaf8d6e000 	C:\Windows\SYSTEM32\ntdll.dll
0x00007ffaf83c0000 - 0x00007ffaf8473000 	C:\Windows\System32\KERNEL32.DLL
0x00007ffaf4ec0000 - 0x00007ffaf515c000 	C:\Windows\System32\KERNELBASE.dll
0x00007ffaf8aa0000 - 0x00007ffaf8b47000 	C:\Windows\System32\ADVAPI32.dll
0x00007ffaf7d00000 - 0x00007ffaf7d9e000 	C:\Windows\System32\msvcrt.dll
0x00007ffaf5e10000 - 0x00007ffaf5eaf000 	C:\Windows\System32\sechost.dll
0x00007ffaf8120000 - 0x00007ffaf823d000 	C:\Windows\System32\RPCRT4.dll
0x00007ffaf5eb0000 - 0x00007ffaf6048000 	C:\Windows\System32\USER32.dll
0x00007ffaf5cb0000 - 0x00007ffaf5cd0000 	C:\Windows\System32\win32u.dll
0x00007ffaf60d0000 - 0x00007ffaf60f9000 	C:\Windows\System32\GDI32.dll
0x00007ffaf5ae0000 - 0x00007ffaf5c80000 	C:\Windows\System32\gdi32full.dll
0x00007ffaf4e20000 - 0x00007ffaf4ec0000 	C:\Windows\System32\msvcp_win.dll
0x00007ffaf51e0000 - 0x00007ffaf52da000 	C:\Windows\System32\ucrtbase.dll
0x00007ffadd370000 - 0x00007ffadd5e9000 	C:\Windows\WinSxS\amd64_microsoft.windows.common-controls_6595b64144ccf1df_6.0.17763.4131_none_de70d21e534b9adf\COMCTL32.dll
0x00007ffaf8700000 - 0x00007ffaf8a2c000 	C:\Windows\System32\combase.dll
0x00007ffaf5cd0000 - 0x00007ffaf5d52000 	C:\Windows\System32\bcryptPrimitives.dll
0x00007ffaf80f0000 - 0x00007ffaf811e000 	C:\Windows\System32\IMM32.DLL
0x00007ffac40a0000 - 0x00007ffac415d000 	C:\Program Files (x86)\iOAEnt\107.1.13956.64008\plugins\DataProtection\InjUmon64.dll
0x00007ffaf6100000 - 0x00007ffaf75f8000 	C:\Windows\System32\SHELL32.dll
0x00007ffaf5d60000 - 0x00007ffaf5daa000 	C:\Windows\System32\cfgmgr32.dll
0x00007ffaf7600000 - 0x00007ffaf76a7000 	C:\Windows\System32\shcore.dll
0x00007ffaf52e0000 - 0x00007ffaf5a29000 	C:\Windows\System32\windows.storage.dll
0x00007ffadefd0000 - 0x00007ffadf05e000 	C:\Windows\SYSTEM32\WINSPOOL.DRV
0x00007ffaf4b90000 - 0x00007ffaf4bb3000 	C:\Windows\System32\profapi.dll
0x00007ffaf4b70000 - 0x00007ffaf4b81000 	C:\Windows\System32\kernel.appcore.dll
0x00007ffaf4bc0000 - 0x00007ffaf4c1d000 	C:\Windows\System32\powrprof.dll
0x00007ffaf5c80000 - 0x00007ffaf5ca6000 	C:\Windows\System32\bcrypt.dll
0x00007ffaf5db0000 - 0x00007ffaf5e02000 	C:\Windows\System32\shlwapi.dll
0x00007ffaf51c0000 - 0x00007ffaf51db000 	C:\Windows\System32\cryptsp.dll
0x00007ffaf7e00000 - 0x00007ffaf7f56000 	C:\Windows\System32\ole32.dll
0x00007ffaf8630000 - 0x00007ffaf869d000 	C:\Windows\System32\WS2_32.dll
0x00007ffaf2560000 - 0x00007ffaf2709000 	C:\Windows\SYSTEM32\PROPSYS.dll
0x00007ffaf4070000 - 0x00007ffaf40ad000 	C:\Windows\SYSTEM32\IPHLPAPI.DLL
0x00007ffaf8240000 - 0x00007ffaf8304000 	C:\Windows\System32\OLEAUT32.dll
0x00007ffadee20000 - 0x00007ffadefc4000 	C:\Windows\WinSxS\amd64_microsoft.windows.gdiplus_6595b64144ccf1df_1.1.17763.4131_none_0f5bc503adde14ad\gdiplus.dll
0x0000000069970000 - 0x0000000069a42000 	C:\Program Files\Java\jdk1.8.0_73\jre\bin\msvcr100.dll
0x00000000690e0000 - 0x0000000069970000 	C:\Program Files\Java\jdk1.8.0_73\jre\bin\server\jvm.dll
0x00007ffaf8a90000 - 0x00007ffaf8a98000 	C:\Windows\System32\PSAPI.DLL
0x00007ffae2300000 - 0x00007ffae2309000 	C:\Windows\SYSTEM32\WSOCK32.dll
0x00007ffae5e70000 - 0x00007ffae5e94000 	C:\Windows\SYSTEM32\WINMM.dll
0x00007ffae77d0000 - 0x00007ffae77da000 	C:\Windows\SYSTEM32\VERSION.dll
0x00007ffae5c30000 - 0x00007ffae5c5d000 	C:\Windows\SYSTEM32\WINMMBASE.dll
0x00000000690d0000 - 0x00000000690df000 	C:\Program Files\Java\jdk1.8.0_73\jre\bin\verify.dll
0x00000000690a0000 - 0x00000000690c9000 	C:\Program Files\Java\jdk1.8.0_73\jre\bin\java.dll
0x0000000069050000 - 0x0000000069073000 	C:\Program Files\Java\jdk1.8.0_73\jre\bin\instrument.dll
0x0000000069080000 - 0x0000000069096000 	C:\Program Files\Java\jdk1.8.0_73\jre\bin\zip.dll
0x00007ffae7020000 - 0x00007ffae703a000 	C:\Program Files\JetBrains\IntelliJ IDEA 2019.2\bin\breakgen64.dll
0x0000000069030000 - 0x000000006904a000 	C:\Program Files\Java\jdk1.8.0_73\jre\bin\net.dll
0x00007ffaf4350000 - 0x00007ffaf43b7000 	C:\Windows\system32\mswsock.dll
0x00007ffaf3ee0000 - 0x00007ffaf3f13000 	C:\Windows\system32\rsaenh.dll
0x00007ffaf4a50000 - 0x00007ffaf4a79000 	C:\Windows\SYSTEM32\USERENV.dll
0x00007ffaf44d0000 - 0x00007ffaf44dc000 	C:\Windows\SYSTEM32\CRYPTBASE.dll
0x00007ffaf7870000 - 0x00007ffaf7878000 	C:\Windows\System32\NSI.dll
0x00007ffaee300000 - 0x00007ffaee316000 	C:\Windows\SYSTEM32\dhcpcsvc6.DLL
0x00007ffaee2e0000 - 0x00007ffaee2fc000 	C:\Windows\SYSTEM32\dhcpcsvc.DLL
0x00007ffaf40b0000 - 0x00007ffaf4176000 	C:\Windows\SYSTEM32\DNSAPI.dll
0x0000000069010000 - 0x0000000069021000 	C:\Program Files\Java\jdk1.8.0_73\jre\bin\nio.dll
0x00007ffaf2860000 - 0x00007ffaf286a000 	C:\Users\hua.mou\AppData\Local\Temp\jansi-1.17.1-5051124509311154924.dll
0x00007ffaee4f0000 - 0x00007ffaee4fa000 	C:\Users\hua.mou\AppData\Local\Temp\jansi-1.17.1-8433430263656035910.dll

VM Arguments:
jvm_args: -Dmaven.multiModuleProjectDirectory=D:\项目\渠道版\autotet\bofc\vltava-service -Dmaven.home=C:\Program Files\JetBrains\IntelliJ IDEA 2019.2\plugins\maven\lib\maven3 -Dclassworlds.conf=C:\Program Files\JetBrains\IntelliJ IDEA 2019.2\plugins\maven\lib\maven3\bin\m2.conf -Dmaven.ext.class.path=C:\Program Files\JetBrains\IntelliJ IDEA 2019.2\plugins\maven\lib\maven-event-listener.jar -javaagent:C:\Program Files\JetBrains\IntelliJ IDEA 2019.2\lib\idea_rt.jar=64914:C:\Program Files\JetBrains\IntelliJ IDEA 2019.2\bin -Dfile.encoding=UTF-8 
java_command: org.codehaus.classworlds.Launcher -Didea.version2019.2 -s C:\Users\hua.mou\.m2\settings-fit.xml -Dmaven.repo.local=D:\jar\fit-repository package
java_class_path (initial): C:\Program Files\JetBrains\IntelliJ IDEA 2019.2\plugins\maven\lib\maven3\boot\plexus-classworlds-2.6.0.jar;C:\Program Files\JetBrains\IntelliJ IDEA 2019.2\lib\idea_rt.jar
Launcher Type: SUN_STANDARD

Environment Variables:
JAVA_HOME=C:\Program Files\Java\jdk1.8.0_73
PATH=C:\Program Files\JetBrains\IntelliJ IDEA 2019.2\jbr\\bin;C:\Program Files\JetBrains\IntelliJ IDEA 2019.2\jbr\\bin\server;C:\Program Files\JetBrains\IntelliJ IDEA 2019.2\jbr\\bin;C:\Program Files\JetBrains\IntelliJ IDEA 2019.2\jbr\\bin\server;C:\Program Files\Java\jdk1.8.0_73\bin\;C:\Windows\system32;C:\Windows;C:\Windows\System32\Wbem;C:\Windows\System32\WindowsPowerShell\v1.0\;C:\Windows\System32\OpenSSH\;C:\Program Files\Git\cmd;C:\Program Files\Intel\WiFi\bin\;C:\Program Files\Common Files\Intel\WirelessCommon\;D:\自动化\cypress\node_modules\.bin\;C:\Program Files\Google\Chrome\Application;C:\Program Files\Redis\;C:\Program Files\Docker\Docker\resources\bin;C:\ProgramData\DockerDesktop\version-bin;C:\Program Files\Common Files\Oracle\Java\javapath;D:\tools\appium\android-ndk-r16-beta1\prebuilt\windows-x86_64\bin;C:\Program Files\nodejs\;C:\Program Files\Java\jdk-11.0.2\bin\;D:\python\;C:\Users\hua.mou\AppData\Local\Microsoft\WindowsApps;C:\Program Files\JetBrains\PyCharm 2020.1.3\bin;C:\Users\hua.mou\AppData\Local\Programs\Fiddler;D:\maven\apache-maven-3.6.3\bin;D:\tools\appium\android-sdk-windows;D:\tools\appium\android-sdk-windows\tools;D:\tools\appium\android-sdk-windows\platform-tools;D:\tools\appium\android-sdk-windows\build-tools\29.0.3;C:\Program Files\JetBrains\PyCharm Community Edition 2020.2.1\bin;;D:\tools\allure\allure-2.13.1\bin;C:\Program Files\MySQL\MySQL Server 8.0\bin\;D:\tools\gtk\bin;C:\Users\hua.mou\node_modules\.bin;D:\python\Scripts\;C:\Users\hua.mou\AppData\Roaming\npm
USERNAME=hua.mou
OS=Windows_NT
PROCESSOR_IDENTIFIER=Intel64 Family 6 Model 142 Stepping 12, GenuineIntel



---------------  S Y S T E M  ---------------

OS: Windows 10.0 , 64 bit Build 17763 (10.0.17763.4131)

CPU:total 8 (4 cores per cpu, 2 threads per core) family 6 model 142 stepping 12, cmov, cx8, fxsr, mmx, sse, sse2, sse3, ssse3, sse4.1, sse4.2, popcnt, avx, avx2, aes, clmul, erms, 3dnowpref, lzcnt, ht, tsc, tscinvbit, bmi1, bmi2, adx

Memory: 4k page, physical 16519124k(3110016k free), swap 27216576k(7080k free)

vm_info: Java HotSpot(TM) 64-Bit Server VM (25.73-b02) for windows-amd64 JRE (1.8.0_73-b02), built on Jan 29 2016 17:38:49 by "java_re" with MS VC++ 10.0 (VS2010)

time: Thu Mar 23 16:04:14 2023
elapsed time: 4 seconds (0d 0h 0m 4s)

