#
# There is insufficient memory for the Java Runtime Environment to continue.
# Native memory allocation (malloc) failed to allocate 262160 bytes for Chunk::new
# Possible reasons:
#   The system is out of physical RAM or swap space
#   In 32 bit mode, the process size limit was hit
# Possible solutions:
#   Reduce memory load on the system
#   Increase physical memory or swap space
#   Check if swap backing store is full
#   Use 64 bit Java on a 64 bit OS
#   Decrease Java heap size (-Xmx/-Xms)
#   Decrease number of Java threads
#   Decrease Java thread stack sizes (-Xss)
#   Set larger code cache with -XX:ReservedCodeCacheSize=
# This output file may be truncated or incomplete.
#
#  Out of Memory Error (allocation.cpp:390), pid=51520, tid=45352
#
# JRE version: Java(TM) SE Runtime Environment (8.0_73-b02) (build 1.8.0_73-b02)
# Java VM: Java HotSpot(TM) 64-Bit Server VM (25.73-b02 mixed mode windows-amd64 compressed oops)
# Failed to write core dump. Minidumps are not enabled by default on client versions of Windows
#

---------------  T H R E A D  ---------------

Current thread (0x000000001e419000):  JavaThread "C2 CompilerThread0" daemon [_thread_in_native, id=45352, stack(0x000000001ec70000,0x000000001ed70000)]

Stack: [0x000000001ec70000,0x000000001ed70000]
[error occurred during error reporting (printing stack bounds), id 0xc0000005]

Native frames: (J=compiled Java code, j=interpreted, Vv=VM code, C=native code)


Current CompileTask:
C2:   8156 4511   !   4       lombok.javac.JavacAST::drill (145 bytes)


---------------  P R O C E S S  ---------------

Java Threads: ( => current thread )
  0x000000001e4a8800 JavaThread "Service Thread" daemon [_thread_blocked, id=53528, stack(0x000000001f070000,0x000000001f170000)]
  0x000000001e42b000 JavaThread "C1 CompilerThread3" daemon [_thread_blocked, id=53332, stack(0x000000001ef70000,0x000000001f070000)]
  0x000000001e41e000 JavaThread "C2 CompilerThread2" daemon [_thread_in_native, id=32496, stack(0x000000001ee70000,0x000000001ef70000)]
  0x000000001e41b000 JavaThread "C2 CompilerThread1" daemon [_thread_in_native, id=50104, stack(0x000000001ed70000,0x000000001ee70000)]
=>0x000000001e419000 JavaThread "C2 CompilerThread0" daemon [_thread_in_native, id=45352, stack(0x000000001ec70000,0x000000001ed70000)]
  0x000000001e3c8800 JavaThread "Attach Listener" daemon [_thread_blocked, id=44544, stack(0x000000001eb70000,0x000000001ec70000)]
  0x000000001e418000 JavaThread "Signal Dispatcher" daemon [_thread_blocked, id=53692, stack(0x000000001ea70000,0x000000001eb70000)]
  0x0000000002a05000 JavaThread "Finalizer" daemon [_thread_blocked, id=49620, stack(0x000000001e230000,0x000000001e330000)]
  0x000000001c34c000 JavaThread "Reference Handler" daemon [_thread_blocked, id=39024, stack(0x000000001e130000,0x000000001e230000)]
  0x0000000002912800 JavaThread "main" [_thread_in_vm, id=51500, stack(0x0000000002810000,0x0000000002910000)]

Other Threads:
  0x000000001c348000 VMThread [stack: 0x000000001e030000,0x000000001e130000] [id=52060]
  0x000000001e54a800 WatcherThread [stack: 0x000000001f170000,0x000000001f270000] [id=49892]

VM state:not at safepoint (normal execution)

VM Mutex/Monitor currently owned by a thread: None

Heap:
 PSYoungGen      total 75776K, used 43137K [0x000000076bf80000, 0x0000000771400000, 0x00000007c0000000)
  eden space 65024K, 49% used [0x000000076bf80000,0x000000076df24888,0x000000076ff00000)
  from space 10752K, 99% used [0x0000000770980000,0x00000007713fbcf8,0x0000000771400000)
  to   space 10752K, 0% used [0x000000076ff00000,0x000000076ff00000,0x0000000770980000)
 ParOldGen       total 129024K, used 25359K [0x00000006c3e00000, 0x00000006cbc00000, 0x000000076bf80000)
  object space 129024K, 19% used [0x00000006c3e00000,0x00000006c56c3cd0,0x00000006cbc00000)
 Metaspace       used 25037K, capacity 25724K, committed 25904K, reserved 1073152K
  class space    used 2917K, capacity 3120K, committed 3120K, reserved 1048576K

Card table byte_map: [0x0000000011dd0000,0x00000000125c0000] byte_map_base: 0x000000000e7b1000

Marking Bits: (ParMarkBitMap*) 0x00000000698f0600
 Begin Bits: [0x0000000013310000, 0x0000000017218000)
 End Bits:   [0x0000000017218000, 0x000000001b120000)

Polling page: 0x0000000002460000

CodeCache: size=245760Kb used=14211Kb max_used=14672Kb free=231548Kb
 bounds [0x0000000002a10000, 0x0000000003880000, 0x0000000011a10000]
 total_blobs=4338 nmethods=3937 adapters=313
 compilation: enabled

Compilation events (10 events):
Event: 8.090 Thread 0x000000001e42b000 4540       3       com.sun.tools.javac.tree.Pretty::print (15 bytes)
Event: 8.091 Thread 0x000000001e42b000 nmethod 4540 0x00000000034cb410 code [0x00000000034cb5a0, 0x00000000034cb8c8]
Event: 8.103 Thread 0x000000001e42b000 4541   !   3       com.sun.tools.javac.tree.Pretty::printExpr (74 bytes)
Event: 8.104 Thread 0x000000001e42b000 nmethod 4541 0x000000000302c7d0 code [0x000000000302c9a0, 0x000000000302d098]
Event: 8.104 Thread 0x000000001e42b000 4542       1       com.sun.tools.javac.tree.JCTree$JCCompilationUnit::getPackageName (5 bytes)
Event: 8.104 Thread 0x000000001e42b000 nmethod 4542 0x0000000002c05490 code [0x0000000002c055e0, 0x0000000002c056f0]
Event: 8.121 Thread 0x000000001e42b000 4544       1       java.lang.Long::longValue (5 bytes)
Event: 8.122 Thread 0x000000001e42b000 nmethod 4544 0x0000000002c051d0 code [0x0000000002c05320, 0x0000000002c05430]
Event: 8.122 Thread 0x000000001e42b000 4545       3       java.util.IdentityHashMap::unmaskNull (13 bytes)
Event: 8.122 Thread 0x000000001e42b000 nmethod 4545 0x0000000002c04e90 code [0x0000000002c04fe0, 0x0000000002c05170]

GC Heap History (10 events):
Event: 3.902 GC heap before
{Heap before GC invocations=3 (full 0):
 PSYoungGen      total 75776K, used 74882K [0x000000076bf80000, 0x0000000771400000, 0x00000007c0000000)
  eden space 65024K, 100% used [0x000000076bf80000,0x000000076ff00000,0x000000076ff00000)
  from space 10752K, 91% used [0x0000000770980000,0x00000007713209c8,0x0000000771400000)
  to   space 10752K, 0% used [0x000000076ff00000,0x000000076ff00000,0x0000000770980000)
 ParOldGen       total 173568K, used 32K [0x00000006c3e00000, 0x00000006ce780000, 0x000000076bf80000)
  object space 173568K, 0% used [0x00000006c3e00000,0x00000006c3e08000,0x00000006ce780000)
 Metaspace       used 17673K, capacity 18024K, committed 18432K, reserved 1064960K
  class space    used 2086K, capacity 2216K, committed 2304K, reserved 1048576K
Event: 3.922 GC heap after
Heap after GC invocations=3 (full 0):
 PSYoungGen      total 75776K, used 10736K [0x000000076bf80000, 0x0000000771400000, 0x00000007c0000000)
  eden space 65024K, 0% used [0x000000076bf80000,0x000000076bf80000,0x000000076ff00000)
  from space 10752K, 99% used [0x000000076ff00000,0x000000077097c060,0x0000000770980000)
  to   space 10752K, 0% used [0x0000000770980000,0x0000000770980000,0x0000000771400000)
 ParOldGen       total 173568K, used 5335K [0x00000006c3e00000, 0x00000006ce780000, 0x000000076bf80000)
  object space 173568K, 3% used [0x00000006c3e00000,0x00000006c4335cb8,0x00000006ce780000)
 Metaspace       used 17673K, capacity 18024K, committed 18432K, reserved 1064960K
  class space    used 2086K, capacity 2216K, committed 2304K, reserved 1048576K
}
Event: 4.862 GC heap before
{Heap before GC invocations=4 (full 0):
 PSYoungGen      total 75776K, used 75760K [0x000000076bf80000, 0x0000000771400000, 0x00000007c0000000)
  eden space 65024K, 100% used [0x000000076bf80000,0x000000076ff00000,0x000000076ff00000)
  from space 10752K, 99% used [0x000000076ff00000,0x000000077097c060,0x0000000770980000)
  to   space 10752K, 0% used [0x0000000770980000,0x0000000770980000,0x0000000771400000)
 ParOldGen       total 173568K, used 5335K [0x00000006c3e00000, 0x00000006ce780000, 0x000000076bf80000)
  object space 173568K, 3% used [0x00000006c3e00000,0x00000006c4335cb8,0x00000006ce780000)
 Metaspace       used 18474K, capacity 18988K, committed 19200K, reserved 1067008K
  class space    used 2141K, capacity 2258K, committed 2304K, reserved 1048576K
Event: 4.882 GC heap after
Heap after GC invocations=4 (full 0):
 PSYoungGen      total 75776K, used 10736K [0x000000076bf80000, 0x0000000771400000, 0x00000007c0000000)
  eden space 65024K, 0% used [0x000000076bf80000,0x000000076bf80000,0x000000076ff00000)
  from space 10752K, 99% used [0x0000000770980000,0x00000007713fc060,0x0000000771400000)
  to   space 10752K, 0% used [0x000000076ff00000,0x000000076ff00000,0x0000000770980000)
 ParOldGen       total 173568K, used 11075K [0x00000006c3e00000, 0x00000006ce780000, 0x000000076bf80000)
  object space 173568K, 6% used [0x00000006c3e00000,0x00000006c48d0c00,0x00000006ce780000)
 Metaspace       used 18474K, capacity 18988K, committed 19200K, reserved 1067008K
  class space    used 2141K, capacity 2258K, committed 2304K, reserved 1048576K
}
Event: 5.437 GC heap before
{Heap before GC invocations=5 (full 0):
 PSYoungGen      total 75776K, used 48037K [0x000000076bf80000, 0x0000000771400000, 0x00000007c0000000)
  eden space 65024K, 57% used [0x000000076bf80000,0x000000076e3ed4b8,0x000000076ff00000)
  from space 10752K, 99% used [0x0000000770980000,0x00000007713fc060,0x0000000771400000)
  to   space 10752K, 0% used [0x000000076ff00000,0x000000076ff00000,0x0000000770980000)
 ParOldGen       total 173568K, used 11075K [0x00000006c3e00000, 0x00000006ce780000, 0x000000076bf80000)
  object space 173568K, 6% used [0x00000006c3e00000,0x00000006c48d0c00,0x00000006ce780000)
 Metaspace       used 20643K, capacity 21170K, committed 21296K, reserved 1069056K
  class space    used 2410K, capacity 2563K, committed 2608K, reserved 1048576K
Event: 5.453 GC heap after
Heap after GC invocations=5 (full 0):
 PSYoungGen      total 75776K, used 10736K [0x000000076bf80000, 0x0000000771400000, 0x00000007c0000000)
  eden space 65024K, 0% used [0x000000076bf80000,0x000000076bf80000,0x000000076ff00000)
  from space 10752K, 99% used [0x000000076ff00000,0x000000077097c060,0x0000000770980000)
  to   space 10752K, 0% used [0x0000000770980000,0x0000000770980000,0x0000000771400000)
 ParOldGen       total 173568K, used 13807K [0x00000006c3e00000, 0x00000006ce780000, 0x000000076bf80000)
  object space 173568K, 7% used [0x00000006c3e00000,0x00000006c4b7bec8,0x00000006ce780000)
 Metaspace       used 20643K, capacity 21170K, committed 21296K, reserved 1069056K
  class space    used 2410K, capacity 2563K, committed 2608K, reserved 1048576K
}
Event: 5.453 GC heap before
{Heap before GC invocations=6 (full 1):
 PSYoungGen      total 75776K, used 10736K [0x000000076bf80000, 0x0000000771400000, 0x00000007c0000000)
  eden space 65024K, 0% used [0x000000076bf80000,0x000000076bf80000,0x000000076ff00000)
  from space 10752K, 99% used [0x000000076ff00000,0x000000077097c060,0x0000000770980000)
  to   space 10752K, 0% used [0x0000000770980000,0x0000000770980000,0x0000000771400000)
 ParOldGen       total 173568K, used 13807K [0x00000006c3e00000, 0x00000006ce780000, 0x000000076bf80000)
  object space 173568K, 7% used [0x00000006c3e00000,0x00000006c4b7bec8,0x00000006ce780000)
 Metaspace       used 20643K, capacity 21170K, committed 21296K, reserved 1069056K
  class space    used 2410K, capacity 2563K, committed 2608K, reserved 1048576K
Event: 5.568 GC heap after
Heap after GC invocations=6 (full 1):
 PSYoungGen      total 75776K, used 0K [0x000000076bf80000, 0x0000000771400000, 0x00000007c0000000)
  eden space 65024K, 0% used [0x000000076bf80000,0x000000076bf80000,0x000000076ff00000)
  from space 10752K, 0% used [0x000000076ff00000,0x000000076ff00000,0x0000000770980000)
  to   space 10752K, 0% used [0x0000000770980000,0x0000000770980000,0x0000000771400000)
 ParOldGen       total 129024K, used 20949K [0x00000006c3e00000, 0x00000006cbc00000, 0x000000076bf80000)
  object space 129024K, 16% used [0x00000006c3e00000,0x00000006c5275408,0x00000006cbc00000)
 Metaspace       used 20643K, capacity 21170K, committed 21296K, reserved 1069056K
  class space    used 2410K, capacity 2563K, committed 2608K, reserved 1048576K
}
Event: 7.625 GC heap before
{Heap before GC invocations=7 (full 1):
 PSYoungGen      total 75776K, used 65024K [0x000000076bf80000, 0x0000000771400000, 0x00000007c0000000)
  eden space 65024K, 100% used [0x000000076bf80000,0x000000076ff00000,0x000000076ff00000)
  from space 10752K, 0% used [0x000000076ff00000,0x000000076ff00000,0x0000000770980000)
  to   space 10752K, 0% used [0x0000000770980000,0x0000000770980000,0x0000000771400000)
 ParOldGen       total 129024K, used 20949K [0x00000006c3e00000, 0x00000006cbc00000, 0x000000076bf80000)
  object space 129024K, 16% used [0x00000006c3e00000,0x00000006c5275408,0x00000006cbc00000)
 Metaspace       used 24274K, capacity 24950K, committed 25008K, reserved 1071104K
  class space    used 2826K, capacity 2991K, committed 2992K, reserved 1048576K
Event: 7.641 GC heap after
Heap after GC invocations=7 (full 1):
 PSYoungGen      total 75776K, used 10735K [0x000000076bf80000, 0x0000000771400000, 0x00000007c0000000)
  eden space 65024K, 0% used [0x000000076bf80000,0x000000076bf80000,0x000000076ff00000)
  from space 10752K, 99% used [0x0000000770980000,0x00000007713fbcf8,0x0000000771400000)
  to   space 10752K, 0% used [0x000000076ff00000,0x000000076ff00000,0x0000000770980000)
 ParOldGen       total 129024K, used 25359K [0x00000006c3e00000, 0x00000006cbc00000, 0x000000076bf80000)
  object space 129024K, 19% used [0x00000006c3e00000,0x00000006c56c3cd0,0x00000006cbc00000)
 Metaspace       used 24274K, capacity 24950K, committed 25008K, reserved 1071104K
  class space    used 2826K, capacity 2991K, committed 2992K, reserved 1048576K
}

Deoptimization events (10 events):
Event: 7.442 Thread 0x0000000002912800 Uncommon trap: reason=bimorphic action=maybe_recompile pc=0x0000000002b91e68 method=com.sun.tools.javac.code.Scope.lookup(Lcom/sun/tools/javac/util/Name;Lcom/sun/tools/javac/util/Filter;)Lcom/sun/tools/javac/code/Scope$Entry; @ 49
Event: 7.442 Thread 0x0000000002912800 Uncommon trap: reason=bimorphic action=maybe_recompile pc=0x0000000002b91e68 method=com.sun.tools.javac.code.Scope.lookup(Lcom/sun/tools/javac/util/Name;Lcom/sun/tools/javac/util/Filter;)Lcom/sun/tools/javac/code/Scope$Entry; @ 49
Event: 7.476 Thread 0x0000000002912800 Uncommon trap: reason=bimorphic action=maybe_recompile pc=0x0000000002ef7058 method=java.lang.ClassLoader.loadClass(Ljava/lang/String;Z)Ljava/lang/Class; @ 38
Event: 7.478 Thread 0x0000000002912800 Uncommon trap: reason=bimorphic action=maybe_recompile pc=0x0000000002ef7058 method=java.lang.ClassLoader.loadClass(Ljava/lang/String;Z)Ljava/lang/Class; @ 38
Event: 7.479 Thread 0x0000000002912800 Uncommon trap: reason=bimorphic action=maybe_recompile pc=0x0000000002ef7058 method=java.lang.ClassLoader.loadClass(Ljava/lang/String;Z)Ljava/lang/Class; @ 38
Event: 7.479 Thread 0x0000000002912800 Uncommon trap: reason=bimorphic action=maybe_recompile pc=0x0000000002ef7058 method=java.lang.ClassLoader.loadClass(Ljava/lang/String;Z)Ljava/lang/Class; @ 38
Event: 7.533 Thread 0x0000000002912800 Uncommon trap: reason=class_check action=maybe_recompile pc=0x0000000002c07f88 method=sun.misc.URLClassPath.getLoader(I)Lsun/misc/URLClassPath$Loader; @ 94
Event: 7.643 Thread 0x0000000002a05000 Uncommon trap: reason=unstable_if action=reinterpret pc=0x00000000036ee9a0 method=java.util.WeakHashMap.eq(Ljava/lang/Object;Ljava/lang/Object;)Z @ 10
Event: 7.672 Thread 0x0000000002912800 Uncommon trap: reason=unstable_if action=reinterpret pc=0x00000000031439f4 method=java.util.HashMap.hash(Ljava/lang/Object;)I @ 1
Event: 7.677 Thread 0x0000000002912800 Uncommon trap: reason=unstable_if action=reinterpret pc=0x00000000030c2a68 method=java.util.HashMap.hash(Ljava/lang/Object;)I @ 1

Internal exceptions (10 events):
Event: 3.549 Thread 0x0000000002912800 Implicit null exception at 0x0000000002fb5354 to 0x0000000002fb55a9
Event: 3.792 Thread 0x0000000002912800 Implicit null exception at 0x0000000002da7a15 to 0x0000000002da7c15
Event: 3.792 Thread 0x0000000002912800 Implicit null exception at 0x0000000002f5535b to 0x0000000002f557fd
Event: 3.797 Thread 0x0000000002912800 Implicit null exception at 0x00000000030796af to 0x0000000003079719
Event: 4.329 Thread 0x0000000002912800 Implicit null exception at 0x000000000357e9be to 0x0000000003580bf5
Event: 5.336 Thread 0x0000000002912800 Exception <a 'java/lang/ClassNotFoundException': com/sun/tools/javac/api/JavacTool> (0x000000076df3cfe0) thrown at [D:\re\puppet\workspace\8-2-build-windows-amd64-cygwin\jdk8u73\6086\hotspot\src\share\vm\classfile\systemDictionary.cpp, line 210]
Event: 6.170 Thread 0x0000000002912800 Exception <a 'java/io/FileNotFoundException'> (0x000000076d07f9e8) thrown at [D:\re\puppet\workspace\8-2-build-windows-amd64-cygwin\jdk8u73\6086\hotspot\src\share\vm\prims\jni.cpp, line 709]
Event: 6.187 Thread 0x0000000002912800 Exception <a 'java/io/FileNotFoundException'> (0x000000076d0b3860) thrown at [D:\re\puppet\workspace\8-2-build-windows-amd64-cygwin\jdk8u73\6086\hotspot\src\share\vm\prims\jni.cpp, line 709]
Event: 7.672 Thread 0x0000000002912800 Implicit null exception at 0x00000000031435b3 to 0x00000000031439dd
Event: 7.677 Thread 0x0000000002912800 Implicit null exception at 0x00000000030c2855 to 0x00000000030c2a59

Events (10 events):
Event: 7.862 loading class java/util/IdentityHashMap$EntrySet
Event: 7.863 loading class java/util/IdentityHashMap$EntrySet done
Event: 7.863 loading class java/util/IdentityHashMap$EntryIterator
Event: 7.863 loading class java/util/IdentityHashMap$EntryIterator done
Event: 7.864 loading class java/util/IdentityHashMap$EntryIterator$Entry
Event: 7.864 loading class java/util/IdentityHashMap$EntryIterator$Entry done
Event: 7.904 loading class com/sun/source/tree/LambdaExpressionTree$BodyKind
Event: 7.904 loading class com/sun/source/tree/LambdaExpressionTree$BodyKind done
Event: 7.973 loading class java/lang/Class$EnclosingMethodInfo
Event: 7.973 loading class java/lang/Class$EnclosingMethodInfo done


Dynamic libraries:
0x00007ff744e30000 - 0x00007ff744e67000 	C:\Program Files\Java\jdk1.8.0_73\bin\java.exe
0x00007ffaf8b80000 - 0x00007ffaf8d6e000 	C:\Windows\SYSTEM32\ntdll.dll
0x00007ffaf83c0000 - 0x00007ffaf8473000 	C:\Windows\System32\KERNEL32.DLL
0x00007ffaf4ec0000 - 0x00007ffaf515c000 	C:\Windows\System32\KERNELBASE.dll
0x00007ffaf8aa0000 - 0x00007ffaf8b47000 	C:\Windows\System32\ADVAPI32.dll
0x00007ffaf7d00000 - 0x00007ffaf7d9e000 	C:\Windows\System32\msvcrt.dll
0x00007ffaf5e10000 - 0x00007ffaf5eaf000 	C:\Windows\System32\sechost.dll
0x00007ffaf8120000 - 0x00007ffaf823d000 	C:\Windows\System32\RPCRT4.dll
0x00007ffaf5eb0000 - 0x00007ffaf6048000 	C:\Windows\System32\USER32.dll
0x00007ffaf5cb0000 - 0x00007ffaf5cd0000 	C:\Windows\System32\win32u.dll
0x00007ffaf60d0000 - 0x00007ffaf60f9000 	C:\Windows\System32\GDI32.dll
0x00007ffaf5ae0000 - 0x00007ffaf5c80000 	C:\Windows\System32\gdi32full.dll
0x00007ffaf4e20000 - 0x00007ffaf4ec0000 	C:\Windows\System32\msvcp_win.dll
0x00007ffaf51e0000 - 0x00007ffaf52da000 	C:\Windows\System32\ucrtbase.dll
0x00007ffadd370000 - 0x00007ffadd5e9000 	C:\Windows\WinSxS\amd64_microsoft.windows.common-controls_6595b64144ccf1df_6.0.17763.4131_none_de70d21e534b9adf\COMCTL32.dll
0x00007ffaf8700000 - 0x00007ffaf8a2c000 	C:\Windows\System32\combase.dll
0x00007ffaf5cd0000 - 0x00007ffaf5d52000 	C:\Windows\System32\bcryptPrimitives.dll
0x00007ffaf80f0000 - 0x00007ffaf811e000 	C:\Windows\System32\IMM32.DLL
0x0000000069970000 - 0x0000000069a42000 	C:\Program Files\Java\jdk1.8.0_73\jre\bin\msvcr100.dll
0x00000000690e0000 - 0x0000000069970000 	C:\Program Files\Java\jdk1.8.0_73\jre\bin\server\jvm.dll
0x00007ffaf8a90000 - 0x00007ffaf8a98000 	C:\Windows\System32\PSAPI.DLL
0x00007ffae2300000 - 0x00007ffae2309000 	C:\Windows\SYSTEM32\WSOCK32.dll
0x00007ffae5e70000 - 0x00007ffae5e94000 	C:\Windows\SYSTEM32\WINMM.dll
0x00007ffae77d0000 - 0x00007ffae77da000 	C:\Windows\SYSTEM32\VERSION.dll
0x00007ffaf8630000 - 0x00007ffaf869d000 	C:\Windows\System32\WS2_32.dll
0x00007ffae5c30000 - 0x00007ffae5c5d000 	C:\Windows\SYSTEM32\WINMMBASE.dll
0x00007ffaf5d60000 - 0x00007ffaf5daa000 	C:\Windows\System32\cfgmgr32.dll
0x00000000690d0000 - 0x00000000690df000 	C:\Program Files\Java\jdk1.8.0_73\jre\bin\verify.dll
0x00000000690a0000 - 0x00000000690c9000 	C:\Program Files\Java\jdk1.8.0_73\jre\bin\java.dll
0x0000000069080000 - 0x0000000069096000 	C:\Program Files\Java\jdk1.8.0_73\jre\bin\zip.dll
0x00007ffaf6100000 - 0x00007ffaf75f8000 	C:\Windows\System32\SHELL32.dll
0x00007ffaf7600000 - 0x00007ffaf76a7000 	C:\Windows\System32\shcore.dll
0x00007ffaf52e0000 - 0x00007ffaf5a29000 	C:\Windows\System32\windows.storage.dll
0x00007ffaf4b90000 - 0x00007ffaf4bb3000 	C:\Windows\System32\profapi.dll
0x00007ffaf4bc0000 - 0x00007ffaf4c1d000 	C:\Windows\System32\powrprof.dll
0x00007ffaf5db0000 - 0x00007ffaf5e02000 	C:\Windows\System32\shlwapi.dll
0x00007ffaf4b70000 - 0x00007ffaf4b81000 	C:\Windows\System32\kernel.appcore.dll
0x00007ffaf51c0000 - 0x00007ffaf51db000 	C:\Windows\System32\cryptsp.dll
0x00007ffac40a0000 - 0x00007ffac415d000 	C:\Program Files (x86)\iOAEnt\107.1.13956.64008\plugins\DataProtection\InjUmon64.dll
0x00007ffaf7e00000 - 0x00007ffaf7f56000 	C:\Windows\System32\ole32.dll
0x00007ffadefd0000 - 0x00007ffadf05e000 	C:\Windows\SYSTEM32\WINSPOOL.DRV
0x00007ffaf5c80000 - 0x00007ffaf5ca6000 	C:\Windows\System32\bcrypt.dll
0x00007ffaf4070000 - 0x00007ffaf40ad000 	C:\Windows\SYSTEM32\IPHLPAPI.DLL
0x00007ffadee20000 - 0x00007ffadefc4000 	C:\Windows\WinSxS\amd64_microsoft.windows.gdiplus_6595b64144ccf1df_1.1.17763.4131_none_0f5bc503adde14ad\gdiplus.dll
0x00007ffaf2560000 - 0x00007ffaf2709000 	C:\Windows\SYSTEM32\PROPSYS.dll
0x00007ffaf8240000 - 0x00007ffaf8304000 	C:\Windows\System32\OLEAUT32.dll
0x00007ffaf2890000 - 0x00007ffaf289a000 	D:\maven\apache-maven-3.6.3\lib\jansi-native\windows64\jansi.dll
0x0000000069030000 - 0x000000006904a000 	C:\Program Files\Java\jdk1.8.0_73\jre\bin\net.dll
0x00007ffaf4350000 - 0x00007ffaf43b7000 	C:\Windows\system32\mswsock.dll
0x0000000069010000 - 0x0000000069021000 	C:\Program Files\Java\jdk1.8.0_73\jre\bin\nio.dll

VM Arguments:
jvm_args: -Dclassworlds.conf=D:\maven\apache-maven-3.6.3\bin\..\bin\m2.conf -Dmaven.home=D:\maven\apache-maven-3.6.3\bin\.. -Dlibrary.jansi.path=D:\maven\apache-maven-3.6.3\bin\..\lib\jansi-native -Dmaven.multiModuleProjectDirectory=D:\项目\渠道版\autotet\bofc\vltava-service 
java_command: org.codehaus.plexus.classworlds.launcher.Launcher package
java_class_path (initial): D:\maven\apache-maven-3.6.3\bin\..\boot\plexus-classworlds-2.6.0.jar
Launcher Type: SUN_STANDARD

Environment Variables:
JAVA_HOME=C:\Program Files\Java\jdk1.8.0_73
PATH=C:\Program Files\JetBrains\IntelliJ IDEA 2019.2\jbr\\bin;C:\Program Files\JetBrains\IntelliJ IDEA 2019.2\jbr\\bin\server;C:\Program Files\JetBrains\IntelliJ IDEA 2019.2\jbr\\bin;C:\Program Files\JetBrains\IntelliJ IDEA 2019.2\jbr\\bin\server;C:\Program Files\Java\jdk1.8.0_73\bin\;C:\Windows\system32;C:\Windows;C:\Windows\System32\Wbem;C:\Windows\System32\WindowsPowerShell\v1.0\;C:\Windows\System32\OpenSSH\;C:\Program Files\Git\cmd;C:\Program Files\Intel\WiFi\bin\;C:\Program Files\Common Files\Intel\WirelessCommon\;D:\自动化\cypress\node_modules\.bin\;C:\Program Files\Google\Chrome\Application;C:\Program Files\Redis\;C:\Program Files\Docker\Docker\resources\bin;C:\ProgramData\DockerDesktop\version-bin;C:\Program Files\Common Files\Oracle\Java\javapath;D:\tools\appium\android-ndk-r16-beta1\prebuilt\windows-x86_64\bin;C:\Program Files\nodejs\;C:\Program Files\Java\jdk-11.0.2\bin\;D:\python\;C:\Users\hua.mou\AppData\Local\Microsoft\WindowsApps;C:\Program Files\JetBrains\PyCharm 2020.1.3\bin;C:\Users\hua.mou\AppData\Local\Programs\Fiddler;D:\maven\apache-maven-3.6.3\bin;D:\tools\appium\android-sdk-windows;D:\tools\appium\android-sdk-windows\tools;D:\tools\appium\android-sdk-windows\platform-tools;D:\tools\appium\android-sdk-windows\build-tools\29.0.3;C:\Program Files\JetBrains\PyCharm Community Edition 2020.2.1\bin;;D:\tools\allure\allure-2.13.1\bin;C:\Program Files\MySQL\MySQL Server 8.0\bin\;D:\tools\gtk\bin;C:\Users\hua.mou\node_modules\.bin;D:\python\Scripts\;C:\Users\hua.mou\AppData\Roaming\npm
USERNAME=hua.mou
OS=Windows_NT
PROCESSOR_IDENTIFIER=Intel64 Family 6 Model 142 Stepping 12, GenuineIntel



---------------  S Y S T E M  ---------------

OS: Windows 10.0 , 64 bit Build 17763 (10.0.17763.4131)

CPU:total 8 (4 cores per cpu, 2 threads per core) family 6 model 142 stepping 12, cmov, cx8, fxsr, mmx, sse, sse2, sse3, ssse3, sse4.1, sse4.2, popcnt, avx, avx2, aes, clmul, erms, 3dnowpref, lzcnt, ht, tsc, tscinvbit, bmi1, bmi2, adx

Memory: 4k page, physical 16519124k(2901776k free), swap 27216576k(352k free)

vm_info: Java HotSpot(TM) 64-Bit Server VM (25.73-b02) for windows-amd64 JRE (1.8.0_73-b02), built on Jan 29 2016 17:38:49 by "java_re" with MS VC++ 10.0 (VS2010)

time: Thu Mar 23 16:17:22 2023
elapsed time: 8 seconds (0d 0h 0m 8s)

